<?xml version="1.0" encoding="UTF-8"?>
<testng-results ignored="0" total="1" passed="1" failed="0" skipped="0">
  <reporter-output>
  </reporter-output>
  <suite started-at="2023-10-23T13:08:31 EET" name="Default suite" finished-at="2023-10-23T13:08:34 EET" duration-ms="2976">
    <groups>
    </groups>
    <test started-at="2023-10-23T13:08:31 EET" name="Default test" finished-at="2023-10-23T13:08:34 EET" duration-ms="2976">
      <class name="project2.myclass">
        <test-method is-config="true" signature="mySetup()[pri:0, instance:project2.myclass@2783717b]" started-at="2023-10-23T13:08:31 EET" name="mySetup" finished-at="2023-10-23T13:08:34 EET" duration-ms="2875" status="PASS">
          <reporter-output>
          </reporter-output>
        </test-method> <!-- mySetup -->
        <test-method signature="myFirstTest()[pri:0, instance:project2.myclass@2783717b]" started-at="2023-10-23T13:08:34 EET" name="myFirstTest" finished-at="2023-10-23T13:08:34 EET" duration-ms="15" status="PASS">
          <reporter-output>
          </reporter-output>
        </test-method> <!-- myFirstTest -->
        <test-method is-config="true" signature="myPostTesting()[pri:0, instance:project2.myclass@2783717b]" started-at="2023-10-23T13:08:34 EET" name="myPostTesting" finished-at="2023-10-23T13:08:34 EET" duration-ms="0" status="PASS">
          <reporter-output>
          </reporter-output>
        </test-method> <!-- myPostTesting -->
      </class> <!-- project2.myclass -->
    </test> <!-- Default test -->
  </suite> <!-- Default suite -->
</testng-results>
